This is pdfTeX, Version 3.141592653-2.6-1.40.26 (TeX Live 2024) (preloaded format=pdflatex 2024.3.24)  29 OCT 2025 21:25
entering extended mode
 restricted \write18 enabled.
 file:line:error style messages enabled.
 %&-line parsing enabled.
**/Users/alex1602e19/Desktop/Alex_Portfolio_sites/EmporiaPDF_Build_Review.tex
(/Users/alex1602e19/Desktop/Alex_Portfolio_sites/EmporiaPDF_Build_Review.tex
LaTeX2e <2023-11-01> patch level 1
L3 programming layer <2024-02-20>
(/usr/local/texlive/2024/texmf-dist/tex/latex/base/article.cls
Document Class: article 2023/05/17 v1.4n Standard LaTeX document class
(/usr/local/texlive/2024/texmf-dist/tex/latex/base/size11.clo
File: size11.clo 2023/05/17 v1.4n Standard LaTeX file (size option)
)
\c@part=\count188
\c@section=\count189
\c@subsection=\count190
\c@subsubsection=\count191
\c@paragraph=\count192
\c@subparagraph=\count193
\c@figure=\count194
\c@table=\count195
\abovecaptionskip=\skip48
\belowcaptionskip=\skip49
\bibindent=\dimen140
) (/usr/local/texlive/2024/texmf-dist/tex/latex/geometry/geometry.sty
Package: geometry 2020/01/02 v5.9 Page Geometry
 (/usr/local/texlive/2024/texmf-dist/tex/latex/graphics/keyval.sty
Package: keyval 2022/05/29 v1.15 key=value parser (DPC)
\KV@toks@=\toks17
) (/usr/local/texlive/2024/texmf-dist/tex/generic/iftex/ifvtex.sty
Package: ifvtex 2019/10/25 v1.7 ifvtex legacy package. Use iftex instead.
 (/usr/local/texlive/2024/texmf-dist/tex/generic/iftex/iftex.sty
Package: iftex 2022/02/03 v1.0f TeX engine tests
))
\Gm@cnth=\count196
\Gm@cntv=\count197
\c@Gm@tempcnt=\count198
\Gm@bindingoffset=\dimen141
\Gm@wd@mp=\dimen142
\Gm@odd@mp=\dimen143
\Gm@even@mp=\dimen144
\Gm@layoutwidth=\dimen145
\Gm@layoutheight=\dimen146
\Gm@layouthoffset=\dimen147
\Gm@layoutvoffset=\dimen148
\Gm@dimlist=\toks18
) (/usr/local/texlive/2024/texmf-dist/tex/latex/amsmath/amsmath.sty
Package: amsmath 2023/05/13 v2.17o AMS math features
\@mathmargin=\skip50

For additional information on amsmath, use the `?' option.
(/usr/local/texlive/2024/texmf-dist/tex/latex/amsmath/amstext.sty
Package: amstext 2021/08/26 v2.01 AMS text
 (/usr/local/texlive/2024/texmf-dist/tex/latex/amsmath/amsgen.sty
File: amsgen.sty 1999/11/30 v2.0 generic functions
\@emptytoks=\toks19
\ex@=\dimen149
)) (/usr/local/texlive/2024/texmf-dist/tex/latex/amsmath/amsbsy.sty
Package: amsbsy 1999/11/29 v1.2d Bold Symbols
\pmbraise@=\dimen150
) (/usr/local/texlive/2024/texmf-dist/tex/latex/amsmath/amsopn.sty
Package: amsopn 2022/04/08 v2.04 operator names
)
\inf@bad=\count199
LaTeX Info: Redefining \frac on input line 234.
\uproot@=\count266
\leftroot@=\count267
LaTeX Info: Redefining \overline on input line 399.
LaTeX Info: Redefining \colon on input line 410.
\classnum@=\count268
\DOTSCASE@=\count269
LaTeX Info: Redefining \ldots on input line 496.
LaTeX Info: Redefining \dots on input line 499.
LaTeX Info: Redefining \cdots on input line 620.
\Mathstrutbox@=\box51
\strutbox@=\box52
LaTeX Info: Redefining \big on input line 722.
LaTeX Info: Redefining \Big on input line 723.
LaTeX Info: Redefining \bigg on input line 724.
LaTeX Info: Redefining \Bigg on input line 725.
\big@size=\dimen151
LaTeX Font Info:    Redeclaring font encoding OML on input line 743.
LaTeX Font Info:    Redeclaring font encoding OMS on input line 744.
\macc@depth=\count270
LaTeX Info: Redefining \bmod on input line 905.
LaTeX Info: Redefining \pmod on input line 910.
LaTeX Info: Redefining \smash on input line 940.
LaTeX Info: Redefining \relbar on input line 970.
LaTeX Info: Redefining \Relbar on input line 971.
\c@MaxMatrixCols=\count271
\dotsspace@=\muskip16
\c@parentequation=\count272
\dspbrk@lvl=\count273
\tag@help=\toks20
\row@=\count274
\column@=\count275
\maxfields@=\count276
\andhelp@=\toks21
\eqnshift@=\dimen152
\alignsep@=\dimen153
\tagshift@=\dimen154
\tagwidth@=\dimen155
\totwidth@=\dimen156
\lineht@=\dimen157
\@envbody=\toks22
\multlinegap=\skip51
\multlinetaggap=\skip52
\mathdisplay@stack=\toks23
LaTeX Info: Redefining \[ on input line 2953.
LaTeX Info: Redefining \] on input line 2954.
) (/usr/local/texlive/2024/texmf-dist/tex/latex/amsfonts/amssymb.sty
Package: amssymb 2013/01/14 v3.01 AMS font symbols
 (/usr/local/texlive/2024/texmf-dist/tex/latex/amsfonts/amsfonts.sty
Package: amsfonts 2013/01/14 v3.01 Basic AMSFonts support
\symAMSa=\mathgroup4
\symAMSb=\mathgroup5
LaTeX Font Info:    Redeclaring math symbol \hbar on input line 98.
LaTeX Font Info:    Overwriting math alphabet `\mathfrak' in version `bold'
(Font)                  U/euf/m/n --> U/euf/b/n on input line 106.
)) (/usr/local/texlive/2024/texmf-dist/tex/latex/amscls/amsthm.sty
Package: amsthm 2020/05/29 v2.20.6
\thm@style=\toks24
\thm@bodyfont=\toks25
\thm@headfont=\toks26
\thm@notefont=\toks27
\thm@headpunct=\toks28
\thm@preskip=\skip53
\thm@postskip=\skip54
\thm@headsep=\skip55
\dth@everypar=\toks29
) (/usr/local/texlive/2024/texmf-dist/tex/latex/pgfplots/pgfplots.sty (/usr/local/texlive/2024/texmf-dist/tex/generic/pgfplots/pgfplots.revision.tex)
Package: pgfplots 2021/05/15 v1.18.1 Data Visualization (1.18.1)
 (/usr/local/texlive/2024/texmf-dist/tex/latex/graphics/graphicx.sty
Package: graphicx 2021/09/16 v1.2d Enhanced LaTeX Graphics (DPC,SPQR)
 (/usr/local/texlive/2024/texmf-dist/tex/latex/graphics/graphics.sty
Package: graphics 2022/03/10 v1.4e Standard LaTeX Graphics (DPC,SPQR)
 (/usr/local/texlive/2024/texmf-dist/tex/latex/graphics/trig.sty
Package: trig 2021/08/11 v1.11 sin cos tan (DPC)
) (/usr/local/texlive/2024/texmf-dist/tex/latex/graphics-cfg/graphics.cfg
File: graphics.cfg 2016/06/04 v1.11 sample graphics configuration
)
Package graphics Info: Driver file: pdftex.def on input line 107.
 (/usr/local/texlive/2024/texmf-dist/tex/latex/graphics-def/pdftex.def
File: pdftex.def 2022/09/22 v1.2b Graphics/color driver for pdftex
))
\Gin@req@height=\dimen158
\Gin@req@width=\dimen159
) (/usr/local/texlive/2024/texmf-dist/tex/latex/pgf/frontendlayer/tikz.sty (/usr/local/texlive/2024/texmf-dist/tex/latex/pgf/basiclayer/pgf.sty (/usr/local/texlive/2024/texmf-dist/tex/latex/pgf/utilities/pgfrcs.sty (/usr/local/texlive/2024/texmf-dist/tex/generic/pgf/utilities/pgfutil-common.tex
\pgfutil@everybye=\toks30
\pgfutil@tempdima=\dimen160
\pgfutil@tempdimb=\dimen161
) (/usr/local/texlive/2024/texmf-dist/tex/generic/pgf/utilities/pgfutil-latex.def
\pgfutil@abb=\box53
) (/usr/local/texlive/2024/texmf-dist/tex/generic/pgf/utilities/pgfrcs.code.tex (/usr/local/texlive/2024/texmf-dist/tex/generic/pgf/pgf.revision.tex)
Package: pgfrcs 2023-01-15 v3.1.10 (3.1.10)
))
Package: pgf 2023-01-15 v3.1.10 (3.1.10)
 (/usr/local/texlive/2024/texmf-dist/tex/latex/pgf/basiclayer/pgfcore.sty (/usr/local/texlive/2024/texmf-dist/tex/latex/pgf/systemlayer/pgfsys.sty (/usr/local/texlive/2024/texmf-dist/tex/generic/pgf/systemlayer/pgfsys.code.tex
Package: pgfsys 2023-01-15 v3.1.10 (3.1.10)
 (/usr/local/texlive/2024/texmf-dist/tex/generic/pgf/utilities/pgfkeys.code.tex
\pgfkeys@pathtoks=\toks31
\pgfkeys@temptoks=\toks32
 (/usr/local/texlive/2024/texmf-dist/tex/generic/pgf/utilities/pgfkeyslibraryfiltered.code.tex
\pgfkeys@tmptoks=\toks33
))
\pgf@x=\dimen162
\pgf@y=\dimen163
\pgf@xa=\dimen164
\pgf@ya=\dimen165
\pgf@xb=\dimen166
\pgf@yb=\dimen167
\pgf@xc=\dimen168
\pgf@yc=\dimen169
\pgf@xd=\dimen170
\pgf@yd=\dimen171
\w@pgf@writea=\write3
\r@pgf@reada=\read2
\c@pgf@counta=\count277
\c@pgf@countb=\count278
\c@pgf@countc=\count279
\c@pgf@countd=\count280
\t@pgf@toka=\toks34
\t@pgf@tokb=\toks35
\t@pgf@tokc=\toks36
\pgf@sys@id@count=\count281
 (/usr/local/texlive/2024/texmf-dist/tex/generic/pgf/systemlayer/pgf.cfg
File: pgf.cfg 2023-01-15 v3.1.10 (3.1.10)
)
Driver file for pgf: pgfsys-pdftex.def
 (/usr/local/texlive/2024/texmf-dist/tex/generic/pgf/systemlayer/pgfsys-pdftex.def
File: pgfsys-pdftex.def 2023-01-15 v3.1.10 (3.1.10)
 (/usr/local/texlive/2024/texmf-dist/tex/generic/pgf/systemlayer/pgfsys-common-pdf.def
File: pgfsys-common-pdf.def 2023-01-15 v3.1.10 (3.1.10)
))) (/usr/local/texlive/2024/texmf-dist/tex/generic/pgf/systemlayer/pgfsyssoftpath.code.tex
File: pgfsyssoftpath.code.tex 2023-01-15 v3.1.10 (3.1.10)
\pgfsyssoftpath@smallbuffer@items=\count282
\pgfsyssoftpath@bigbuffer@items=\count283
) (/usr/local/texlive/2024/texmf-dist/tex/generic/pgf/systemlayer/pgfsysprotocol.code.tex
File: pgfsysprotocol.code.tex 2023-01-15 v3.1.10 (3.1.10)
)) (/usr/local/texlive/2024/texmf-dist/tex/latex/xcolor/xcolor.sty
Package: xcolor 2023/11/15 v3.01 LaTeX color extensions (UK)
 (/usr/local/texlive/2024/texmf-dist/tex/latex/graphics-cfg/color.cfg
File: color.cfg 2016/01/02 v1.6 sample color configuration
)
Package xcolor Info: Driver file: pdftex.def on input line 274.
 (/usr/local/texlive/2024/texmf-dist/tex/latex/graphics/mathcolor.ltx)
Package xcolor Info: Model `cmy' substituted by `cmy0' on input line 1350.
Package xcolor Info: Model `hsb' substituted by `rgb' on input line 1354.
Package xcolor Info: Model `RGB' extended on input line 1366.
Package xcolor Info: Model `HTML' substituted by `rgb' on input line 1368.
Package xcolor Info: Model `Hsb' substituted by `hsb' on input line 1369.
Package xcolor Info: Model `tHsb' substituted by `hsb' on input line 1370.
Package xcolor Info: Model `HSB' substituted by `hsb' on input line 1371.
Package xcolor Info: Model `Gray' substituted by `gray' on input line 1372.
Package xcolor Info: Model `wave' substituted by `hsb' on input line 1373.
) (/usr/local/texlive/2024/texmf-dist/tex/generic/pgf/basiclayer/pgfcore.code.tex
Package: pgfcore 2023-01-15 v3.1.10 (3.1.10)
 (/usr/local/texlive/2024/texmf-dist/tex/generic/pgf/math/pgfmath.code.tex (/usr/local/texlive/2024/texmf-dist/tex/generic/pgf/math/pgfmathutil.code.tex) (/usr/local/texlive/2024/texmf-dist/tex/generic/pgf/math/pgfmathparser.code.tex
\pgfmath@dimen=\dimen172
\pgfmath@count=\count284
\pgfmath@box=\box54
\pgfmath@toks=\toks37
\pgfmath@stack@operand=\toks38
\pgfmath@stack@operation=\toks39
) (/usr/local/texlive/2024/texmf-dist/tex/generic/pgf/math/pgfmathfunctions.code.tex) (/usr/local/texlive/2024/texmf-dist/tex/generic/pgf/math/pgfmathfunctions.basic.code.tex) (/usr/local/texlive/2024/texmf-dist/tex/generic/pgf/math/pgfmathfunctions.trigonometric.code.tex) (/usr/local/texlive/2024/texmf-dist/tex/generic/pgf/math/pgfmathfunctions.random.code.tex) (/usr/local/texlive/2024/texmf-dist/tex/generic/pgf/math/pgfmathfunctions.comparison.code.tex) (/usr/local/texlive/2024/texmf-dist/tex/generic/pgf/math/pgfmathfunctions.base.code.tex) (/usr/local/texlive/2024/texmf-dist/tex/generic/pgf/math/pgfmathfunctions.round.code.tex) (/usr/local/texlive/2024/texmf-dist/tex/generic/pgf/math/pgfmathfunctions.misc.code.tex) (/usr/local/texlive/2024/texmf-dist/tex/generic/pgf/math/pgfmathfunctions.integerarithmetics.code.tex) (/usr/local/texlive/2024/texmf-dist/tex/generic/pgf/math/pgfmathcalc.code.tex) (/usr/local/texlive/2024/texmf-dist/tex/generic/pgf/math/pgfmathfloat.code.tex
\c@pgfmathroundto@lastzeros=\count285
)) (/usr/local/texlive/2024/texmf-dist/tex/generic/pgf/math/pgfint.code.tex) (/usr/local/texlive/2024/texmf-dist/tex/generic/pgf/basiclayer/pgfcorepoints.code.tex
File: pgfcorepoints.code.tex 2023-01-15 v3.1.10 (3.1.10)
\pgf@picminx=\dimen173
\pgf@picmaxx=\dimen174
\pgf@picminy=\dimen175
\pgf@picmaxy=\dimen176
\pgf@pathminx=\dimen177
\pgf@pathmaxx=\dimen178
\pgf@pathminy=\dimen179
\pgf@pathmaxy=\dimen180
\pgf@xx=\dimen181
\pgf@xy=\dimen182
\pgf@yx=\dimen183
\pgf@yy=\dimen184
\pgf@zx=\dimen185
\pgf@zy=\dimen186
) (/usr/local/texlive/2024/texmf-dist/tex/generic/pgf/basiclayer/pgfcorepathconstruct.code.tex
File: pgfcorepathconstruct.code.tex 2023-01-15 v3.1.10 (3.1.10)
\pgf@path@lastx=\dimen187
\pgf@path@lasty=\dimen188
) (/usr/local/texlive/2024/texmf-dist/tex/generic/pgf/basiclayer/pgfcorepathusage.code.tex
File: pgfcorepathusage.code.tex 2023-01-15 v3.1.10 (3.1.10)
\pgf@shorten@end@additional=\dimen189
\pgf@shorten@start@additional=\dimen190
) (/usr/local/texlive/2024/texmf-dist/tex/generic/pgf/basiclayer/pgfcorescopes.code.tex
File: pgfcorescopes.code.tex 2023-01-15 v3.1.10 (3.1.10)
\pgfpic=\box55
\pgf@hbox=\box56
\pgf@layerbox@main=\box57
\pgf@picture@serial@count=\count286
) (/usr/local/texlive/2024/texmf-dist/tex/generic/pgf/basiclayer/pgfcoregraphicstate.code.tex
File: pgfcoregraphicstate.code.tex 2023-01-15 v3.1.10 (3.1.10)
\pgflinewidth=\dimen191
) (/usr/local/texlive/2024/texmf-dist/tex/generic/pgf/basiclayer/pgfcoretransformations.code.tex
File: pgfcoretransformations.code.tex 2023-01-15 v3.1.10 (3.1.10)
\pgf@pt@x=\dimen192
\pgf@pt@y=\dimen193
\pgf@pt@temp=\dimen194
) (/usr/local/texlive/2024/texmf-dist/tex/generic/pgf/basiclayer/pgfcorequick.code.tex
File: pgfcorequick.code.tex 2023-01-15 v3.1.10 (3.1.10)
) (/usr/local/texlive/2024/texmf-dist/tex/generic/pgf/basiclayer/pgfcoreobjects.code.tex
File: pgfcoreobjects.code.tex 2023-01-15 v3.1.10 (3.1.10)
) (/usr/local/texlive/2024/texmf-dist/tex/generic/pgf/basiclayer/pgfcorepathprocessing.code.tex
File: pgfcorepathprocessing.code.tex 2023-01-15 v3.1.10 (3.1.10)
) (/usr/local/texlive/2024/texmf-dist/tex/generic/pgf/basiclayer/pgfcorearrows.code.tex
File: pgfcorearrows.code.tex 2023-01-15 v3.1.10 (3.1.10)
\pgfarrowsep=\dimen195
) (/usr/local/texlive/2024/texmf-dist/tex/generic/pgf/basiclayer/pgfcoreshade.code.tex
File: pgfcoreshade.code.tex 2023-01-15 v3.1.10 (3.1.10)
\pgf@max=\dimen196
\pgf@sys@shading@range@num=\count287
\pgf@shadingcount=\count288
) (/usr/local/texlive/2024/texmf-dist/tex/generic/pgf/basiclayer/pgfcoreimage.code.tex
File: pgfcoreimage.code.tex 2023-01-15 v3.1.10 (3.1.10)
) (/usr/local/texlive/2024/texmf-dist/tex/generic/pgf/basiclayer/pgfcoreexternal.code.tex
File: pgfcoreexternal.code.tex 2023-01-15 v3.1.10 (3.1.10)
\pgfexternal@startupbox=\box58
) (/usr/local/texlive/2024/texmf-dist/tex/generic/pgf/basiclayer/pgfcorelayers.code.tex
File: pgfcorelayers.code.tex 2023-01-15 v3.1.10 (3.1.10)
) (/usr/local/texlive/2024/texmf-dist/tex/generic/pgf/basiclayer/pgfcoretransparency.code.tex
File: pgfcoretransparency.code.tex 2023-01-15 v3.1.10 (3.1.10)
) (/usr/local/texlive/2024/texmf-dist/tex/generic/pgf/basiclayer/pgfcorepatterns.code.tex
File: pgfcorepatterns.code.tex 2023-01-15 v3.1.10 (3.1.10)
) (/usr/local/texlive/2024/texmf-dist/tex/generic/pgf/basiclayer/pgfcorerdf.code.tex
File: pgfcorerdf.code.tex 2023-01-15 v3.1.10 (3.1.10)
))) (/usr/local/texlive/2024/texmf-dist/tex/generic/pgf/modules/pgfmoduleshapes.code.tex
File: pgfmoduleshapes.code.tex 2023-01-15 v3.1.10 (3.1.10)
\pgfnodeparttextbox=\box59
) (/usr/local/texlive/2024/texmf-dist/tex/generic/pgf/modules/pgfmoduleplot.code.tex
File: pgfmoduleplot.code.tex 2023-01-15 v3.1.10 (3.1.10)
) (/usr/local/texlive/2024/texmf-dist/tex/latex/pgf/compatibility/pgfcomp-version-0-65.sty
Package: pgfcomp-version-0-65 2023-01-15 v3.1.10 (3.1.10)
\pgf@nodesepstart=\dimen197
\pgf@nodesepend=\dimen198
) (/usr/local/texlive/2024/texmf-dist/tex/latex/pgf/compatibility/pgfcomp-version-1-18.sty
Package: pgfcomp-version-1-18 2023-01-15 v3.1.10 (3.1.10)
)) (/usr/local/texlive/2024/texmf-dist/tex/latex/pgf/utilities/pgffor.sty (/usr/local/texlive/2024/texmf-dist/tex/latex/pgf/utilities/pgfkeys.sty (/usr/local/texlive/2024/texmf-dist/tex/generic/pgf/utilities/pgfkeys.code.tex)) (/usr/local/texlive/2024/texmf-dist/tex/latex/pgf/math/pgfmath.sty (/usr/local/texlive/2024/texmf-dist/tex/generic/pgf/math/pgfmath.code.tex)) (/usr/local/texlive/2024/texmf-dist/tex/generic/pgf/utilities/pgffor.code.tex
Package: pgffor 2023-01-15 v3.1.10 (3.1.10)
\pgffor@iter=\dimen199
\pgffor@skip=\dimen256
\pgffor@stack=\toks40
\pgffor@toks=\toks41
)) (/usr/local/texlive/2024/texmf-dist/tex/generic/pgf/frontendlayer/tikz/tikz.code.tex
Package: tikz 2023-01-15 v3.1.10 (3.1.10)
 (/usr/local/texlive/2024/texmf-dist/tex/generic/pgf/libraries/pgflibraryplothandlers.code.tex
File: pgflibraryplothandlers.code.tex 2023-01-15 v3.1.10 (3.1.10)
\pgf@plot@mark@count=\count289
\pgfplotmarksize=\dimen257
)
\tikz@lastx=\dimen258
\tikz@lasty=\dimen259
\tikz@lastxsaved=\dimen260
\tikz@lastysaved=\dimen261
\tikz@lastmovetox=\dimen262
\tikz@lastmovetoy=\dimen263
\tikzleveldistance=\dimen264
\tikzsiblingdistance=\dimen265
\tikz@figbox=\box60
\tikz@figbox@bg=\box61
\tikz@tempbox=\box62
\tikz@tempbox@bg=\box63
\tikztreelevel=\count290
\tikznumberofchildren=\count291
\tikznumberofcurrentchild=\count292
\tikz@fig@count=\count293
 (/usr/local/texlive/2024/texmf-dist/tex/generic/pgf/modules/pgfmodulematrix.code.tex
File: pgfmodulematrix.code.tex 2023-01-15 v3.1.10 (3.1.10)
\pgfmatrixcurrentrow=\count294
\pgfmatrixcurrentcolumn=\count295
\pgf@matrix@numberofcolumns=\count296
)
\tikz@expandcount=\count297
 (/usr/local/texlive/2024/texmf-dist/tex/generic/pgf/frontendlayer/tikz/libraries/tikzlibrarytopaths.code.tex
File: tikzlibrarytopaths.code.tex 2023-01-15 v3.1.10 (3.1.10)
))) (/usr/local/texlive/2024/texmf-dist/tex/generic/pgfplots/pgfplots.code.tex (/usr/local/texlive/2024/texmf-dist/tex/generic/pgfplots/pgfplotscore.code.tex
\t@pgfplots@toka=\toks42
\t@pgfplots@tokb=\toks43
\t@pgfplots@tokc=\toks44
\pgfplots@tmpa=\dimen266
\c@pgfplots@coordindex=\count298
\c@pgfplots@scanlineindex=\count299
 (/usr/local/texlive/2024/texmf-dist/tex/generic/pgfplots/sys/pgfplotssysgeneric.code.tex)) (/usr/local/texlive/2024/texmf-dist/tex/generic/pgfplots/libs/pgfplotslibrary.code.tex) (/usr/local/texlive/2024/texmf-dist/tex/generic/pgfplots/oldpgfcompatib/pgfplotsoldpgfsupp_loader.code.tex (/usr/local/texlive/2024/texmf-dist/tex/generic/pgf/libraries/pgflibraryfpu.code.tex)
Package pgfplots: loading complementary utilities for your pgf version...
\t@pgf@toka=\toks45
\t@pgf@tokb=\toks46
\t@pgf@tokc=\toks47
(/usr/local/texlive/2024/texmf-dist/tex/generic/pgfplots/oldpgfcompatib/pgfplotsoldpgfsupp_pgfutil-common-lists.tex)) (/usr/local/texlive/2024/texmf-dist/tex/generic/pgfplots/util/pgfplotsutil.code.tex (/usr/local/texlive/2024/texmf-dist/tex/generic/pgfplots/liststructure/pgfplotsliststructure.code.tex) (/usr/local/texlive/2024/texmf-dist/tex/generic/pgfplots/liststructure/pgfplotsliststructureext.code.tex) (/usr/local/texlive/2024/texmf-dist/tex/generic/pgfplots/liststructure/pgfplotsarray.code.tex
\c@pgfplotsarray@tmp=\count300
) (/usr/local/texlive/2024/texmf-dist/tex/generic/pgfplots/liststructure/pgfplotsmatrix.code.tex) (/usr/local/texlive/2024/texmf-dist/tex/generic/pgfplots/numtable/pgfplotstableshared.code.tex
\c@pgfplotstable@counta=\count301
\t@pgfplotstable@a=\toks48
) (/usr/local/texlive/2024/texmf-dist/tex/generic/pgfplots/liststructure/pgfplotsdeque.code.tex) (/usr/local/texlive/2024/texmf-dist/tex/generic/pgfplots/util/pgfplotsbinary.code.tex (/usr/local/texlive/2024/texmf-dist/tex/generic/pgfplots/util/pgfplotsbinary.data.code.tex)) (/usr/local/texlive/2024/texmf-dist/tex/generic/pgfplots/util/pgfplotsutil.verb.code.tex) (/usr/local/texlive/2024/texmf-dist/tex/generic/pgfplots/libs/pgflibrarypgfplots.surfshading.code.tex
\c@pgfplotslibrarysurf@no=\count302
 (/usr/local/texlive/2024/texmf-dist/tex/generic/pgfplots/sys/pgflibrarypgfplots.surfshading.pgfsys-pdftex.def))) (/usr/local/texlive/2024/texmf-dist/tex/generic/pgfplots/util/pgfplotscolormap.code.tex (/usr/local/texlive/2024/texmf-dist/tex/generic/pgfplots/util/pgfplotscolor.code.tex)) (/usr/local/texlive/2024/texmf-dist/tex/generic/pgfplots/pgfplotsstackedplots.code.tex) (/usr/local/texlive/2024/texmf-dist/tex/generic/pgfplots/pgfplotsplothandlers.code.tex (/usr/local/texlive/2024/texmf-dist/tex/generic/pgfplots/pgfplotsmeshplothandler.code.tex (/usr/local/texlive/2024/texmf-dist/tex/generic/pgfplots/pgfplotsmeshplotimage.code.tex))) (/usr/local/texlive/2024/texmf-dist/tex/generic/pgfplots/pgfplots.scaling.code.tex) (/usr/local/texlive/2024/texmf-dist/tex/generic/pgfplots/pgfplotscoordprocessing.code.tex) (/usr/local/texlive/2024/texmf-dist/tex/generic/pgfplots/pgfplots.errorbars.code.tex) (/usr/local/texlive/2024/texmf-dist/tex/generic/pgfplots/pgfplots.markers.code.tex) (/usr/local/texlive/2024/texmf-dist/tex/generic/pgfplots/pgfplotsticks.code.tex) (/usr/local/texlive/2024/texmf-dist/tex/generic/pgfplots/pgfplots.paths.code.tex) (/usr/local/texlive/2024/texmf-dist/tex/generic/pgf/frontendlayer/tikz/libraries/tikzlibrarydecorations.code.tex (/usr/local/texlive/2024/texmf-dist/tex/generic/pgf/modules/pgfmoduledecorations.code.tex
\pgfdecoratedcompleteddistance=\dimen267
\pgfdecoratedremainingdistance=\dimen268
\pgfdecoratedinputsegmentcompleteddistance=\dimen269
\pgfdecoratedinputsegmentremainingdistance=\dimen270
\pgf@decorate@distancetomove=\dimen271
\pgf@decorate@repeatstate=\count303
\pgfdecorationsegmentamplitude=\dimen272
\pgfdecorationsegmentlength=\dimen273
)
\tikz@lib@dec@box=\box64
) (/usr/local/texlive/2024/texmf-dist/tex/generic/pgf/frontendlayer/tikz/libraries/tikzlibrarydecorations.pathmorphing.code.tex (/usr/local/texlive/2024/texmf-dist/tex/generic/pgf/libraries/decorations/pgflibrarydecorations.pathmorphing.code.tex)) (/usr/local/texlive/2024/texmf-dist/tex/generic/pgf/frontendlayer/tikz/libraries/tikzlibrarydecorations.pathreplacing.code.tex (/usr/local/texlive/2024/texmf-dist/tex/generic/pgf/libraries/decorations/pgflibrarydecorations.pathreplacing.code.tex)) (/usr/local/texlive/2024/texmf-dist/tex/generic/pgfplots/libs/tikzlibrarypgfplots.contourlua.code.tex)
\pgfplots@numplots=\count304
\pgfplots@xmin@reg=\dimen274
\pgfplots@xmax@reg=\dimen275
\pgfplots@ymin@reg=\dimen276
\pgfplots@ymax@reg=\dimen277
\pgfplots@zmin@reg=\dimen278
\pgfplots@zmax@reg=\dimen279
) (/usr/local/texlive/2024/texmf-dist/tex/generic/pgf/frontendlayer/tikz/libraries/tikzlibraryplotmarks.code.tex
File: tikzlibraryplotmarks.code.tex 2023-01-15 v3.1.10 (3.1.10)
 (/usr/local/texlive/2024/texmf-dist/tex/generic/pgf/libraries/pgflibraryplotmarks.code.tex
File: pgflibraryplotmarks.code.tex 2023-01-15 v3.1.10 (3.1.10)
))) (/usr/local/texlive/2024/texmf-dist/tex/latex/enumitem/enumitem.sty
Package: enumitem 2019/06/20 v3.9 Customized lists
\labelindent=\skip56
\enit@outerparindent=\dimen280
\enit@toks=\toks49
\enit@inbox=\box65
\enit@count@id=\count305
\enitdp@description=\count306
) (/usr/local/texlive/2024/texmf-dist/tex/latex/fancyhdr/fancyhdr.sty
Package: fancyhdr 2022/11/09 v4.1 Extensive control of page headers and footers
\f@nch@headwidth=\skip57
\f@nch@O@elh=\skip58
\f@nch@O@erh=\skip59
\f@nch@O@olh=\skip60
\f@nch@O@orh=\skip61
\f@nch@O@elf=\skip62
\f@nch@O@erf=\skip63
\f@nch@O@olf=\skip64
\f@nch@O@orf=\skip65
) (/usr/local/texlive/2024/texmf-dist/tex/latex/float/float.sty
Package: float 2001/11/08 v1.3d Float enhancements (AL)
\c@float@type=\count307
\float@exts=\toks50
\float@box=\box66
\@float@everytoks=\toks51
\@floatcapt=\box67
) (/usr/local/texlive/2024/texmf-dist/tex/latex/tcolorbox/tcolorbox.sty
Package: tcolorbox 2024/01/10 version 6.2.0 text color boxes
 (/usr/local/texlive/2024/texmf-dist/tex/latex/tools/verbatim.sty
Package: verbatim 2023-11-06 v1.5v LaTeX2e package for verbatim enhancements
\every@verbatim=\toks52
\verbatim@line=\toks53
\verbatim@in@stream=\read3
) (/usr/local/texlive/2024/texmf-dist/tex/latex/environ/environ.sty
Package: environ 2014/05/04 v0.3 A new way to define environments
 (/usr/local/texlive/2024/texmf-dist/tex/latex/trimspaces/trimspaces.sty
Package: trimspaces 2009/09/17 v1.1 Trim spaces around a token list
)) (/usr/local/texlive/2024/texmf-dist/tex/latex/etoolbox/etoolbox.sty
Package: etoolbox 2020/10/05 v2.5k e-TeX tools for LaTeX (JAW)
\etb@tempcnta=\count308
)
\tcb@titlebox=\box68
\tcb@upperbox=\box69
\tcb@lowerbox=\box70
\tcb@phantombox=\box71
\c@tcbbreakpart=\count309
\c@tcblayer=\count310
\c@tcolorbox@number=\count311
\l__tcobox_tmpa_box=\box72
\l__tcobox_tmpa_dim=\dimen281
\tcb@temp=\box73
\tcb@temp=\box74
\tcb@temp=\box75
\tcb@temp=\box76
) (/usr/local/texlive/2024/texmf-dist/tex/latex/tcolorbox/tcbbreakable.code.tex
Library (tcolorbox): 'tcbbreakable.code.tex' version '6.2.0'
(/usr/local/texlive/2024/texmf-dist/tex/latex/pdfcol/pdfcol.sty
Package: pdfcol 2022-09-21 v1.7 Handle new color stacks for pdfTeX (HO)
 (/usr/local/texlive/2024/texmf-dist/tex/generic/ltxcmds/ltxcmds.sty
Package: ltxcmds 2023-12-04 v1.26 LaTeX kernel commands for general use (HO)
) (/usr/local/texlive/2024/texmf-dist/tex/generic/infwarerr/infwarerr.sty
Package: infwarerr 2019/12/03 v1.5 Providing info/warning/error messages (HO)
))
Package pdfcol Info: New color stack `tcb@breakable' = 1 on input line 23.
\tcb@testbox=\box77
\tcb@totalupperbox=\box78
\tcb@totallowerbox=\box79
) (/usr/local/texlive/2024/texmf-dist/tex/generic/pgf/frontendlayer/tikz/libraries/tikzlibrarypatterns.code.tex
File: tikzlibrarypatterns.code.tex 2023-01-15 v3.1.10 (3.1.10)
 (/usr/local/texlive/2024/texmf-dist/tex/generic/pgf/libraries/pgflibrarypatterns.code.tex
File: pgflibrarypatterns.code.tex 2023-01-15 v3.1.10 (3.1.10)
)) (/usr/local/texlive/2024/texmf-dist/tex/generic/pgf/frontendlayer/tikz/libraries/tikzlibraryshapes.code.tex
File: tikzlibraryshapes.code.tex 2023-01-15 v3.1.10 (3.1.10)
 (/usr/local/texlive/2024/texmf-dist/tex/generic/pgf/frontendlayer/tikz/libraries/tikzlibraryshapes.geometric.code.tex
File: tikzlibraryshapes.geometric.code.tex 2023-01-15 v3.1.10 (3.1.10)
 (/usr/local/texlive/2024/texmf-dist/tex/generic/pgf/libraries/shapes/pgflibraryshapes.geometric.code.tex
File: pgflibraryshapes.geometric.code.tex 2023-01-15 v3.1.10 (3.1.10)
)) (/usr/local/texlive/2024/texmf-dist/tex/generic/pgf/frontendlayer/tikz/libraries/tikzlibraryshapes.misc.code.tex
File: tikzlibraryshapes.misc.code.tex 2023-01-15 v3.1.10 (3.1.10)
 (/usr/local/texlive/2024/texmf-dist/tex/generic/pgf/libraries/shapes/pgflibraryshapes.misc.code.tex
File: pgflibraryshapes.misc.code.tex 2023-01-15 v3.1.10 (3.1.10)
)) (/usr/local/texlive/2024/texmf-dist/tex/generic/pgf/frontendlayer/tikz/libraries/tikzlibraryshapes.symbols.code.tex
File: tikzlibraryshapes.symbols.code.tex 2023-01-15 v3.1.10 (3.1.10)
 (/usr/local/texlive/2024/texmf-dist/tex/generic/pgf/libraries/shapes/pgflibraryshapes.symbols.code.tex
File: pgflibraryshapes.symbols.code.tex 2023-01-15 v3.1.10 (3.1.10)
)) (/usr/local/texlive/2024/texmf-dist/tex/generic/pgf/frontendlayer/tikz/libraries/tikzlibraryshapes.arrows.code.tex
File: tikzlibraryshapes.arrows.code.tex 2023-01-15 v3.1.10 (3.1.10)
 (/usr/local/texlive/2024/texmf-dist/tex/generic/pgf/libraries/shapes/pgflibraryshapes.arrows.code.tex
File: pgflibraryshapes.arrows.code.tex 2023-01-15 v3.1.10 (3.1.10)
)) (/usr/local/texlive/2024/texmf-dist/tex/generic/pgf/frontendlayer/tikz/libraries/tikzlibraryshapes.callouts.code.tex (/usr/local/texlive/2024/texmf-dist/tex/generic/pgf/libraries/shapes/pgflibraryshapes.callouts.code.tex)) (/usr/local/texlive/2024/texmf-dist/tex/generic/pgf/frontendlayer/tikz/libraries/tikzlibraryshapes.multipart.code.tex
File: tikzlibraryshapes.multipart.code.tex 2023-01-15 v3.1.10 (3.1.10)
 (/usr/local/texlive/2024/texmf-dist/tex/generic/pgf/libraries/shapes/pgflibraryshapes.multipart.code.tex
File: pgflibraryshapes.multipart.code.tex 2023-01-15 v3.1.10 (3.1.10)
\pgfnodepartlowerbox=\box80
\pgfnodeparttwobox=\box81
\pgfnodepartthreebox=\box82
\pgfnodepartfourbox=\box83
\pgfnodeparttwentybox=\box84
\pgfnodepartnineteenbox=\box85
\pgfnodeparteighteenbox=\box86
\pgfnodepartseventeenbox=\box87
\pgfnodepartsixteenbox=\box88
\pgfnodepartfifteenbox=\box89
\pgfnodepartfourteenbox=\box90
\pgfnodepartthirteenbox=\box91
\pgfnodeparttwelvebox=\box92
\pgfnodepartelevenbox=\box93
\pgfnodeparttenbox=\box94
\pgfnodepartninebox=\box95
\pgfnodeparteightbox=\box96
\pgfnodepartsevenbox=\box97
\pgfnodepartsixbox=\box98
\pgfnodepartfivebox=\box99
))) (/usr/local/texlive/2024/texmf-dist/tex/generic/pgf/frontendlayer/tikz/libraries/tikzlibraryarrows.code.tex
File: tikzlibraryarrows.code.tex 2023-01-15 v3.1.10 (3.1.10)
 (/usr/local/texlive/2024/texmf-dist/tex/generic/pgf/libraries/pgflibraryarrows.code.tex
File: pgflibraryarrows.code.tex 2023-01-15 v3.1.10 (3.1.10)
\arrowsize=\dimen282
)) (/usr/local/texlive/2024/texmf-dist/tex/generic/pgf/frontendlayer/tikz/libraries/tikzlibrarypositioning.code.tex
File: tikzlibrarypositioning.code.tex 2023-01-15 v3.1.10 (3.1.10)
) (/usr/local/texlive/2024/texmf-dist/tex/generic/pgf/frontendlayer/tikz/libraries/tikzlibraryfit.code.tex
File: tikzlibraryfit.code.tex 2023-01-15 v3.1.10 (3.1.10)
) (/usr/local/texlive/2024/texmf-dist/tex/generic/pgf/frontendlayer/tikz/libraries/tikzlibrarycalc.code.tex
File: tikzlibrarycalc.code.tex 2023-01-15 v3.1.10 (3.1.10)
) (/usr/local/texlive/2024/texmf-dist/tex/latex/l3backend/l3backend-pdftex.def
File: l3backend-pdftex.def 2024-02-20 L3 backend support: PDF output (pdfTeX)
\l__color_backend_stack_int=\count312
\l__pdf_internal_box=\box100
) (./EmporiaPDF_Build_Review.aux)
\openout1 = `EmporiaPDF_Build_Review.aux'.

LaTeX Font Info:    Checking defaults for OML/cmm/m/it on input line 104.
LaTeX Font Info:    ... okay on input line 104.
LaTeX Font Info:    Checking defaults for OMS/cmsy/m/n on input line 104.
LaTeX Font Info:    ... okay on input line 104.
LaTeX Font Info:    Checking defaults for OT1/cmr/m/n on input line 104.
LaTeX Font Info:    ... okay on input line 104.
LaTeX Font Info:    Checking defaults for T1/cmr/m/n on input line 104.
LaTeX Font Info:    ... okay on input line 104.
LaTeX Font Info:    Checking defaults for TS1/cmr/m/n on input line 104.
LaTeX Font Info:    ... okay on input line 104.
LaTeX Font Info:    Checking defaults for OMX/cmex/m/n on input line 104.
LaTeX Font Info:    ... okay on input line 104.
LaTeX Font Info:    Checking defaults for U/cmr/m/n on input line 104.
LaTeX Font Info:    ... okay on input line 104.

*geometry* driver: auto-detecting
*geometry* detected driver: pdftex
*geometry* verbose mode - [ preamble ] result:
* driver: pdftex
* paper: <default>
* layout: <same size as paper>
* layoutoffset:(h,v)=(0.0pt,0.0pt)
* modes: 
* h-part:(L,W,R)=(72.26999pt, 469.75502pt, 72.26999pt)
* v-part:(T,H,B)=(72.26999pt, 650.43001pt, 72.26999pt)
* \paperwidth=614.295pt
* \paperheight=794.96999pt
* \textwidth=469.75502pt
* \textheight=650.43001pt
* \oddsidemargin=0.0pt
* \evensidemargin=0.0pt
* \topmargin=-37.0pt
* \headheight=12.0pt
* \headsep=25.0pt
* \topskip=11.0pt
* \footskip=30.0pt
* \marginparwidth=59.0pt
* \marginparsep=10.0pt
* \columnsep=10.0pt
* \skip\footins=10.0pt plus 4.0pt minus 2.0pt
* \hoffset=0.0pt
* \voffset=0.0pt
* \mag=1000
* \@twocolumnfalse
* \@twosidefalse
* \@mparswitchfalse
* \@reversemarginfalse
* (1in=72.27pt=25.4mm, 1cm=28.453pt)

(/usr/local/texlive/2024/texmf-dist/tex/context/base/mkii/supp-pdf.mkii
[Loading MPS to PDF converter (version 2006.09.02).]
\scratchcounter=\count313
\scratchdimen=\dimen283
\scratchbox=\box101
\nofMPsegments=\count314
\nofMParguments=\count315
\everyMPshowfont=\toks54
\MPscratchCnt=\count316
\MPscratchDim=\dimen284
\MPnumerator=\count317
\makeMPintoPDFobject=\count318
\everyMPtoPDFconversion=\toks55
) (/usr/local/texlive/2024/texmf-dist/tex/latex/epstopdf-pkg/epstopdf-base.sty
Package: epstopdf-base 2020-01-24 v2.11 Base part for package epstopdf
Package epstopdf-base Info: Redefining graphics rule for `.eps' on input line 485.
 (/usr/local/texlive/2024/texmf-dist/tex/latex/latexconfig/epstopdf-sys.cfg
File: epstopdf-sys.cfg 2010/07/13 v1.3 Configuration of (r)epstopdf for TeX Live
))
Package pgfplots notification 'compat/show suggested version=true': document has been generated with the most recent feature set (\pgfplotsset{compat=1.18}).

LaTeX Font Info:    Trying to load font information for U+msa on input line 106.
(/usr/local/texlive/2024/texmf-dist/tex/latex/amsfonts/umsa.fd
File: umsa.fd 2013/01/14 v3.01 AMS symbols A
)
LaTeX Font Info:    Trying to load font information for U+msb on input line 106.
 (/usr/local/texlive/2024/texmf-dist/tex/latex/amsfonts/umsb.fd
File: umsb.fd 2013/01/14 v3.01 AMS symbols B
) [1

{/usr/local/texlive/2024/texmf-var/fonts/map/pdftex/updmap/pdftex.map}{/usr/local/texlive/2024/texmf-dist/fonts/enc/dvips/cm-super/cm-super-ts1.enc}]

/Users/alex1602e19/Desktop/Alex_Portfolio_sites/EmporiaPDF_Build_Review.tex:179: LaTeX Error: Unicode character â”ś (U+251C)
               not set up for use with LaTeX.

See the LaTeX manual or LaTeX Companion for explanation.
Type  H <return>  for immediate help.
 ...                                              
                                                  
l.179 â”śâ”€â”€ app/
                    
You may provide a definition with
\DeclareUnicodeCharacter 


/Users/alex1602e19/Desktop/Alex_Portfolio_sites/EmporiaPDF_Build_Review.tex:179: LaTeX Error: Unicode character â”€ (U+2500)
               not set up for use with LaTeX.

See the LaTeX manual or LaTeX Companion for explanation.
Type  H <return>  for immediate help.
 ...                                              
                                                  
l.179 â”śâ”€â”€ app/
                    
You may provide a definition with
\DeclareUnicodeCharacter 


/Users/alex1602e19/Desktop/Alex_Portfolio_sites/EmporiaPDF_Build_Review.tex:179: LaTeX Error: Unicode character â”€ (U+2500)
               not set up for use with LaTeX.

See the LaTeX manual or LaTeX Companion for explanation.
Type  H <return>  for immediate help.
 ...                                              
                                                  
l.179 â”śâ”€â”€ app/
                    
You may provide a definition with
\DeclareUnicodeCharacter 


/Users/alex1602e19/Desktop/Alex_Portfolio_sites/EmporiaPDF_Build_Review.tex:180: LaTeX Error: Unicode character â”‚ (U+2502)
               not set up for use with LaTeX.

See the LaTeX manual or LaTeX Companion for explanation.
Type  H <return>  for immediate help.
 ...                                              
                                                  
l.180 â”‚   â”śâ”€â”€ __init__.py
                                 
You may provide a definition with
\DeclareUnicodeCharacter 


/Users/alex1602e19/Desktop/Alex_Portfolio_sites/EmporiaPDF_Build_Review.tex:180: LaTeX Error: Unicode character â”ś (U+251C)
               not set up for use with LaTeX.

See the LaTeX manual or LaTeX Companion for explanation.
Type  H <return>  for immediate help.
 ...                                              
                                                  
l.180 â”‚   â”śâ”€â”€ __init__.py
                                 
You may provide a definition with
\DeclareUnicodeCharacter 


/Users/alex1602e19/Desktop/Alex_Portfolio_sites/EmporiaPDF_Build_Review.tex:180: LaTeX Error: Unicode character â”€ (U+2500)
               not set up for use with LaTeX.

See the LaTeX manual or LaTeX Companion for explanation.
Type  H <return>  for immediate help.
 ...                                              
                                                  
l.180 â”‚   â”śâ”€â”€ __init__.py
                                 
You may provide a definition with
\DeclareUnicodeCharacter 


/Users/alex1602e19/Desktop/Alex_Portfolio_sites/EmporiaPDF_Build_Review.tex:180: LaTeX Error: Unicode character â”€ (U+2500)
               not set up for use with LaTeX.

See the LaTeX manual or LaTeX Companion for explanation.
Type  H <return>  for immediate help.
 ...                                              
                                                  
l.180 â”‚   â”śâ”€â”€ __init__.py
                                 
You may provide a definition with
\DeclareUnicodeCharacter 


/Users/alex1602e19/Desktop/Alex_Portfolio_sites/EmporiaPDF_Build_Review.tex:181: LaTeX Error: Unicode character â”‚ (U+2502)
               not set up for use with LaTeX.

See the LaTeX manual or LaTeX Companion for explanation.
Type  H <return>  for immediate help.
 ...                                              
                                                  
l.181 ...”€ main.py          # FastAPI application
                                                  
You may provide a definition with
\DeclareUnicodeCharacter 


/Users/alex1602e19/Desktop/Alex_Portfolio_sites/EmporiaPDF_Build_Review.tex:181: LaTeX Error: Unicode character â”ś (U+251C)
               not set up for use with LaTeX.

See the LaTeX manual or LaTeX Companion for explanation.
Type  H <return>  for immediate help.
 ...                                              
                                                  
l.181 ...”€ main.py          # FastAPI application
                                                  
You may provide a definition with
\DeclareUnicodeCharacter 


/Users/alex1602e19/Desktop/Alex_Portfolio_sites/EmporiaPDF_Build_Review.tex:181: LaTeX Error: Unicode character â”€ (U+2500)
               not set up for use with LaTeX.

See the LaTeX manual or LaTeX Companion for explanation.
Type  H <return>  for immediate help.
 ...                                              
                                                  
l.181 ...”€ main.py          # FastAPI application
                                                  
You may provide a definition with
\DeclareUnicodeCharacter 


/Users/alex1602e19/Desktop/Alex_Portfolio_sites/EmporiaPDF_Build_Review.tex:181: LaTeX Error: Unicode character â”€ (U+2500)
               not set up for use with LaTeX.

See the LaTeX manual or LaTeX Companion for explanation.
Type  H <return>  for immediate help.
 ...                                              
                                                  
l.181 ...”€ main.py          # FastAPI application
                                                  
You may provide a definition with
\DeclareUnicodeCharacter 


/Users/alex1602e19/Desktop/Alex_Portfolio_sites/EmporiaPDF_Build_Review.tex:182: LaTeX Error: Unicode character â”‚ (U+2502)
               not set up for use with LaTeX.

See the LaTeX manual or LaTeX Companion for explanation.
Type  H <return>  for immediate help.
 ...                                              
                                                  
l.182 ...nfig.py        # Configuration management
                                                  
You may provide a definition with
\DeclareUnicodeCharacter 


/Users/alex1602e19/Desktop/Alex_Portfolio_sites/EmporiaPDF_Build_Review.tex:182: LaTeX Error: Unicode character â”ś (U+251C)
               not set up for use with LaTeX.

See the LaTeX manual or LaTeX Companion for explanation.
Type  H <return>  for immediate help.
 ...                                              
                                                  
l.182 ...nfig.py        # Configuration management
                                                  
You may provide a definition with
\DeclareUnicodeCharacter 


/Users/alex1602e19/Desktop/Alex_Portfolio_sites/EmporiaPDF_Build_Review.tex:182: LaTeX Error: Unicode character â”€ (U+2500)
               not set up for use with LaTeX.

See the LaTeX manual or LaTeX Companion for explanation.
Type  H <return>  for immediate help.
 ...                                              
                                                  
l.182 ...nfig.py        # Configuration management
                                                  
You may provide a definition with
\DeclareUnicodeCharacter 


/Users/alex1602e19/Desktop/Alex_Portfolio_sites/EmporiaPDF_Build_Review.tex:182: LaTeX Error: Unicode character â”€ (U+2500)
               not set up for use with LaTeX.

See the LaTeX manual or LaTeX Companion for explanation.
Type  H <return>  for immediate help.
 ...                                              
                                                  
l.182 ...nfig.py        # Configuration management
                                                  
You may provide a definition with
\DeclareUnicodeCharacter 


/Users/alex1602e19/Desktop/Alex_Portfolio_sites/EmporiaPDF_Build_Review.tex:183: LaTeX Error: Unicode character â”‚ (U+2502)
               not set up for use with LaTeX.

See the LaTeX manual or LaTeX Companion for explanation.
Type  H <return>  for immediate help.
 ...                                              
                                                  
l.183 ...     # Azure Document Intelligence client
                                                  
You may provide a definition with
\DeclareUnicodeCharacter 


/Users/alex1602e19/Desktop/Alex_Portfolio_sites/EmporiaPDF_Build_Review.tex:183: LaTeX Error: Unicode character â”ś (U+251C)
               not set up for use with LaTeX.

See the LaTeX manual or LaTeX Companion for explanation.
Type  H <return>  for immediate help.
 ...                                              
                                                  
l.183 ...     # Azure Document Intelligence client
                                                  
You may provide a definition with
\DeclareUnicodeCharacter 


/Users/alex1602e19/Desktop/Alex_Portfolio_sites/EmporiaPDF_Build_Review.tex:183: LaTeX Error: Unicode character â”€ (U+2500)
               not set up for use with LaTeX.

See the LaTeX manual or LaTeX Companion for explanation.
Type  H <return>  for immediate help.
 ...                                              
                                                  
l.183 ...     # Azure Document Intelligence client
                                                  
You may provide a definition with
\DeclareUnicodeCharacter 


/Users/alex1602e19/Desktop/Alex_Portfolio_sites/EmporiaPDF_Build_Review.tex:183: LaTeX Error: Unicode character â”€ (U+2500)
               not set up for use with LaTeX.

See the LaTeX manual or LaTeX Companion for explanation.
Type  H <return>  for immediate help.
 ...                                              
                                                  
l.183 ...     # Azure Document Intelligence client
                                                  
You may provide a definition with
\DeclareUnicodeCharacter 


/Users/alex1602e19/Desktop/Alex_Portfolio_sites/EmporiaPDF_Build_Review.tex:184: LaTeX Error: Unicode character â”‚ (U+2502)
               not set up for use with LaTeX.

See the LaTeX manual or LaTeX Companion for explanation.
Type  H <return>  for immediate help.
 ...                                              
                                                  
l.184 ..._utils.py # Markdown processing utilities
                                                  
You may provide a definition with
\DeclareUnicodeCharacter 


/Users/alex1602e19/Desktop/Alex_Portfolio_sites/EmporiaPDF_Build_Review.tex:184: LaTeX Error: Unicode character â”” (U+2514)
               not set up for use with LaTeX.

See the LaTeX manual or LaTeX Companion for explanation.
Type  H <return>  for immediate help.
 ...                                              
                                                  
l.184 ..._utils.py # Markdown processing utilities
                                                  
You may provide a definition with
\DeclareUnicodeCharacter 


/Users/alex1602e19/Desktop/Alex_Portfolio_sites/EmporiaPDF_Build_Review.tex:184: LaTeX Error: Unicode character â”€ (U+2500)
               not set up for use with LaTeX.

See the LaTeX manual or LaTeX Companion for explanation.
Type  H <return>  for immediate help.
 ...                                              
                                                  
l.184 ..._utils.py # Markdown processing utilities
                                                  
You may provide a definition with
\DeclareUnicodeCharacter 


/Users/alex1602e19/Desktop/Alex_Portfolio_sites/EmporiaPDF_Build_Review.tex:184: LaTeX Error: Unicode character â”€ (U+2500)
               not set up for use with LaTeX.

See the LaTeX manual or LaTeX Companion for explanation.
Type  H <return>  for immediate help.
 ...                                              
                                                  
l.184 ..._utils.py # Markdown processing utilities
                                                  
You may provide a definition with
\DeclareUnicodeCharacter 


/Users/alex1602e19/Desktop/Alex_Portfolio_sites/EmporiaPDF_Build_Review.tex:185: LaTeX Error: Unicode character â”ś (U+251C)
               not set up for use with LaTeX.

See the LaTeX manual or LaTeX Companion for explanation.
Type  H <return>  for immediate help.
 ...                                              
                                                  
l.185 ...equirements.txt     # Python dependencies
                                                  
You may provide a definition with
\DeclareUnicodeCharacter 


/Users/alex1602e19/Desktop/Alex_Portfolio_sites/EmporiaPDF_Build_Review.tex:185: LaTeX Error: Unicode character â”€ (U+2500)
               not set up for use with LaTeX.

See the LaTeX manual or LaTeX Companion for explanation.
Type  H <return>  for immediate help.
 ...                                              
                                                  
l.185 ...equirements.txt     # Python dependencies
                                                  
You may provide a definition with
\DeclareUnicodeCharacter 


/Users/alex1602e19/Desktop/Alex_Portfolio_sites/EmporiaPDF_Build_Review.tex:185: LaTeX Error: Unicode character â”€ (U+2500)
               not set up for use with LaTeX.

See the LaTeX manual or LaTeX Companion for explanation.
Type  H <return>  for immediate help.
 ...                                              
                                                  
l.185 ...equirements.txt     # Python dependencies
                                                  
You may provide a definition with
\DeclareUnicodeCharacter 


/Users/alex1602e19/Desktop/Alex_Portfolio_sites/EmporiaPDF_Build_Review.tex:186: LaTeX Error: Unicode character â”ś (U+251C)
               not set up for use with LaTeX.

See the LaTeX manual or LaTeX Companion for explanation.
Type  H <return>  for immediate help.
 ...                                              
                                                  
l.186 ...        # Render deployment configuration
                                                  
You may provide a definition with
\DeclareUnicodeCharacter 


/Users/alex1602e19/Desktop/Alex_Portfolio_sites/EmporiaPDF_Build_Review.tex:186: LaTeX Error: Unicode character â”€ (U+2500)
               not set up for use with LaTeX.

See the LaTeX manual or LaTeX Companion for explanation.
Type  H <return>  for immediate help.
 ...                                              
                                                  
l.186 ...        # Render deployment configuration
                                                  
You may provide a definition with
\DeclareUnicodeCharacter 


/Users/alex1602e19/Desktop/Alex_Portfolio_sites/EmporiaPDF_Build_Review.tex:186: LaTeX Error: Unicode character â”€ (U+2500)
               not set up for use with LaTeX.

See the LaTeX manual or LaTeX Companion for explanation.
Type  H <return>  for immediate help.
 ...                                              
                                                  
l.186 ...        # Render deployment configuration
                                                  
You may provide a definition with
\DeclareUnicodeCharacter 


/Users/alex1602e19/Desktop/Alex_Portfolio_sites/EmporiaPDF_Build_Review.tex:187: LaTeX Error: Unicode character â”ś (U+251C)
               not set up for use with LaTeX.

See the LaTeX manual or LaTeX Companion for explanation.
Type  H <return>  for immediate help.
 ...                                              
                                                  
l.187 ...xt         # Python version specification
                                                  
You may provide a definition with
\DeclareUnicodeCharacter 


/Users/alex1602e19/Desktop/Alex_Portfolio_sites/EmporiaPDF_Build_Review.tex:187: LaTeX Error: Unicode character â”€ (U+2500)
               not set up for use with LaTeX.

See the LaTeX manual or LaTeX Companion for explanation.
Type  H <return>  for immediate help.
 ...                                              
                                                  
l.187 ...xt         # Python version specification
                                                  
You may provide a definition with
\DeclareUnicodeCharacter 


/Users/alex1602e19/Desktop/Alex_Portfolio_sites/EmporiaPDF_Build_Review.tex:187: LaTeX Error: Unicode character â”€ (U+2500)
               not set up for use with LaTeX.

See the LaTeX manual or LaTeX Companion for explanation.
Type  H <return>  for immediate help.
 ...                                              
                                                  
l.187 ...xt         # Python version specification
                                                  
You may provide a definition with
\DeclareUnicodeCharacter 


/Users/alex1602e19/Desktop/Alex_Portfolio_sites/EmporiaPDF_Build_Review.tex:188: LaTeX Error: Unicode character â”ś (U+251C)
               not set up for use with LaTeX.

See the LaTeX manual or LaTeX Companion for explanation.
Type  H <return>  for immediate help.
 ...                                              
                                                  
l.188 ...€â”€ start.sh            # Startup script
                                                  
You may provide a definition with
\DeclareUnicodeCharacter 


/Users/alex1602e19/Desktop/Alex_Portfolio_sites/EmporiaPDF_Build_Review.tex:188: LaTeX Error: Unicode character â”€ (U+2500)
               not set up for use with LaTeX.

See the LaTeX manual or LaTeX Companion for explanation.
Type  H <return>  for immediate help.
 ...                                              
                                                  
l.188 ...€â”€ start.sh            # Startup script
                                                  
You may provide a definition with
\DeclareUnicodeCharacter 


/Users/alex1602e19/Desktop/Alex_Portfolio_sites/EmporiaPDF_Build_Review.tex:188: LaTeX Error: Unicode character â”€ (U+2500)
               not set up for use with LaTeX.

See the LaTeX manual or LaTeX Companion for explanation.
Type  H <return>  for immediate help.
 ...                                              
                                                  
l.188 ...€â”€ start.sh            # Startup script
                                                  
You may provide a definition with
\DeclareUnicodeCharacter 


/Users/alex1602e19/Desktop/Alex_Portfolio_sites/EmporiaPDF_Build_Review.tex:189: LaTeX Error: Unicode character â”” (U+2514)
               not set up for use with LaTeX.

See the LaTeX manual or LaTeX Companion for explanation.
Type  H <return>  for immediate help.
 ...                                              
                                                  
l.189 ...ADME.md           # Project documentation
                                                  
You may provide a definition with
\DeclareUnicodeCharacter 


/Users/alex1602e19/Desktop/Alex_Portfolio_sites/EmporiaPDF_Build_Review.tex:189: LaTeX Error: Unicode character â”€ (U+2500)
               not set up for use with LaTeX.

See the LaTeX manual or LaTeX Companion for explanation.
Type  H <return>  for immediate help.
 ...                                              
                                                  
l.189 ...ADME.md           # Project documentation
                                                  
You may provide a definition with
\DeclareUnicodeCharacter 


/Users/alex1602e19/Desktop/Alex_Portfolio_sites/EmporiaPDF_Build_Review.tex:189: LaTeX Error: Unicode character â”€ (U+2500)
               not set up for use with LaTeX.

See the LaTeX manual or LaTeX Companion for explanation.
Type  H <return>  for immediate help.
 ...                                              
                                                  
l.189 ...ADME.md           # Project documentation
                                                  
You may provide a definition with
\DeclareUnicodeCharacter 


Package fancyhdr Warning: \headheight is too small (12.0pt): 
(fancyhdr)                Make it at least 13.59999pt, for example:
(fancyhdr)                \setlength{\headheight}{13.59999pt}.
(fancyhdr)                You might also make \topmargin smaller to compensate:
(fancyhdr)                \addtolength{\topmargin}{-1.59999pt}.

[2]

Package fancyhdr Warning: \headheight is too small (12.0pt): 
(fancyhdr)                Make it at least 13.59999pt, for example:
(fancyhdr)                \setlength{\headheight}{13.59999pt}.
(fancyhdr)                You might also make \topmargin smaller to compensate:
(fancyhdr)                \addtolength{\topmargin}{-1.59999pt}.

[3]

Package fancyhdr Warning: \headheight is too small (12.0pt): 
(fancyhdr)                Make it at least 13.59999pt, for example:
(fancyhdr)                \setlength{\headheight}{13.59999pt}.
(fancyhdr)                You might also make \topmargin smaller to compensate:
(fancyhdr)                \addtolength{\topmargin}{-1.59999pt}.

[4]
LaTeX Font Info:    Trying to load font information for TS1+cmtt on input line 319.
 (/usr/local/texlive/2024/texmf-dist/tex/latex/base/ts1cmtt.fd
File: ts1cmtt.fd 2023/04/13 v2.5m Standard LaTeX font definitions
)

Package fancyhdr Warning: \headheight is too small (12.0pt): 
(fancyhdr)                Make it at least 13.59999pt, for example:
(fancyhdr)                \setlength{\headheight}{13.59999pt}.
(fancyhdr)                You might also make \topmargin smaller to compensate:
(fancyhdr)                \addtolength{\topmargin}{-1.59999pt}.

[5]

Package fancyhdr Warning: \headheight is too small (12.0pt): 
(fancyhdr)                Make it at least 13.59999pt, for example:
(fancyhdr)                \setlength{\headheight}{13.59999pt}.
(fancyhdr)                You might also make \topmargin smaller to compensate:
(fancyhdr)                \addtolength{\topmargin}{-1.59999pt}.

[6]

/Users/alex1602e19/Desktop/Alex_Portfolio_sites/EmporiaPDF_Build_Review.tex:429: LaTeX Error: Unicode character â”ś (U+251C)
               not set up for use with LaTeX.

See the LaTeX manual or LaTeX Companion for explanation.
Type  H <return>  for immediate help.
 ...                                              
                                                  
l.429 ...y              # Main FastAPI application
                                                  
You may provide a definition with
\DeclareUnicodeCharacter 


/Users/alex1602e19/Desktop/Alex_Portfolio_sites/EmporiaPDF_Build_Review.tex:429: LaTeX Error: Unicode character â”€ (U+2500)
               not set up for use with LaTeX.

See the LaTeX manual or LaTeX Companion for explanation.
Type  H <return>  for immediate help.
 ...                                              
                                                  
l.429 ...y              # Main FastAPI application
                                                  
You may provide a definition with
\DeclareUnicodeCharacter 


/Users/alex1602e19/Desktop/Alex_Portfolio_sites/EmporiaPDF_Build_Review.tex:429: LaTeX Error: Unicode character â”€ (U+2500)
               not set up for use with LaTeX.

See the LaTeX manual or LaTeX Companion for explanation.
Type  H <return>  for immediate help.
 ...                                              
                                                  
l.429 ...y              # Main FastAPI application
                                                  
You may provide a definition with
\DeclareUnicodeCharacter 


/Users/alex1602e19/Desktop/Alex_Portfolio_sites/EmporiaPDF_Build_Review.tex:430: LaTeX Error: Unicode character â”‚ (U+2502)
               not set up for use with LaTeX.

See the LaTeX manual or LaTeX Companion for explanation.
Type  H <return>  for immediate help.
 ...                                              
                                                  
l.430 ...rocess-pdfs    # Main processing endpoint
                                                  
You may provide a definition with
\DeclareUnicodeCharacter 


/Users/alex1602e19/Desktop/Alex_Portfolio_sites/EmporiaPDF_Build_Review.tex:430: LaTeX Error: Unicode character â”ś (U+251C)
               not set up for use with LaTeX.

See the LaTeX manual or LaTeX Companion for explanation.
Type  H <return>  for immediate help.
 ...                                              
                                                  
l.430 ...rocess-pdfs    # Main processing endpoint
                                                  
You may provide a definition with
\DeclareUnicodeCharacter 


/Users/alex1602e19/Desktop/Alex_Portfolio_sites/EmporiaPDF_Build_Review.tex:430: LaTeX Error: Unicode character â”€ (U+2500)
               not set up for use with LaTeX.

See the LaTeX manual or LaTeX Companion for explanation.
Type  H <return>  for immediate help.
 ...                                              
                                                  
l.430 ...rocess-pdfs    # Main processing endpoint
                                                  
You may provide a definition with
\DeclareUnicodeCharacter 


/Users/alex1602e19/Desktop/Alex_Portfolio_sites/EmporiaPDF_Build_Review.tex:430: LaTeX Error: Unicode character â”€ (U+2500)
               not set up for use with LaTeX.

See the LaTeX manual or LaTeX Companion for explanation.
Type  H <return>  for immediate help.
 ...                                              
                                                  
l.430 ...rocess-pdfs    # Main processing endpoint
                                                  
You may provide a definition with
\DeclareUnicodeCharacter 


/Users/alex1602e19/Desktop/Alex_Portfolio_sites/EmporiaPDF_Build_Review.tex:431: LaTeX Error: Unicode character â”‚ (U+2502)
               not set up for use with LaTeX.

See the LaTeX manual or LaTeX Companion for explanation.
Type  H <return>  for immediate help.
 ...                                              
                                                  
l.431 .../healthz          # Health check endpoint
                                                  
You may provide a definition with
\DeclareUnicodeCharacter 


/Users/alex1602e19/Desktop/Alex_Portfolio_sites/EmporiaPDF_Build_Review.tex:431: LaTeX Error: Unicode character â”ś (U+251C)
               not set up for use with LaTeX.

See the LaTeX manual or LaTeX Companion for explanation.
Type  H <return>  for immediate help.
 ...                                              
                                                  
l.431 .../healthz          # Health check endpoint
                                                  
You may provide a definition with
\DeclareUnicodeCharacter 


/Users/alex1602e19/Desktop/Alex_Portfolio_sites/EmporiaPDF_Build_Review.tex:431: LaTeX Error: Unicode character â”€ (U+2500)
               not set up for use with LaTeX.

See the LaTeX manual or LaTeX Companion for explanation.
Type  H <return>  for immediate help.
 ...                                              
                                                  
l.431 .../healthz          # Health check endpoint
                                                  
You may provide a definition with
\DeclareUnicodeCharacter 


/Users/alex1602e19/Desktop/Alex_Portfolio_sites/EmporiaPDF_Build_Review.tex:431: LaTeX Error: Unicode character â”€ (U+2500)
               not set up for use with LaTeX.

See the LaTeX manual or LaTeX Companion for explanation.
Type  H <return>  for immediate help.
 ...                                              
                                                  
l.431 .../healthz          # Health check endpoint
                                                  
You may provide a definition with
\DeclareUnicodeCharacter 


/Users/alex1602e19/Desktop/Alex_Portfolio_sites/EmporiaPDF_Build_Review.tex:432: LaTeX Error: Unicode character â”‚ (U+2502)
               not set up for use with LaTeX.

See the LaTeX manual or LaTeX Companion for explanation.
Type  H <return>  for immediate help.
 ...                                              
                                                  
l.432 ...â”€ GET /                 # Web interface
                                                  
You may provide a definition with
\DeclareUnicodeCharacter 


/Users/alex1602e19/Desktop/Alex_Portfolio_sites/EmporiaPDF_Build_Review.tex:432: LaTeX Error: Unicode character â”ś (U+251C)
               not set up for use with LaTeX.

See the LaTeX manual or LaTeX Companion for explanation.
Type  H <return>  for immediate help.
 ...                                              
                                                  
l.432 ...â”€ GET /                 # Web interface
                                                  
You may provide a definition with
\DeclareUnicodeCharacter 


/Users/alex1602e19/Desktop/Alex_Portfolio_sites/EmporiaPDF_Build_Review.tex:432: LaTeX Error: Unicode character â”€ (U+2500)
               not set up for use with LaTeX.

See the LaTeX manual or LaTeX Companion for explanation.
Type  H <return>  for immediate help.
 ...                                              
                                                  
l.432 ...â”€ GET /                 # Web interface
                                                  
You may provide a definition with
\DeclareUnicodeCharacter 


/Users/alex1602e19/Desktop/Alex_Portfolio_sites/EmporiaPDF_Build_Review.tex:432: LaTeX Error: Unicode character â”€ (U+2500)
               not set up for use with LaTeX.

See the LaTeX manual or LaTeX Companion for explanation.
Type  H <return>  for immediate help.
 ...                                              
                                                  
l.432 ...â”€ GET /                 # Web interface
                                                  
You may provide a definition with
\DeclareUnicodeCharacter 


/Users/alex1602e19/Desktop/Alex_Portfolio_sites/EmporiaPDF_Build_Review.tex:433: LaTeX Error: Unicode character â”‚ (U+2502)
               not set up for use with LaTeX.

See the LaTeX manual or LaTeX Companion for explanation.
Type  H <return>  for immediate help.
 ...                                              
                                                  
l.433 ...GET /docs             # API documentation
                                                  
You may provide a definition with
\DeclareUnicodeCharacter 


/Users/alex1602e19/Desktop/Alex_Portfolio_sites/EmporiaPDF_Build_Review.tex:433: LaTeX Error: Unicode character â”” (U+2514)
               not set up for use with LaTeX.

See the LaTeX manual or LaTeX Companion for explanation.
Type  H <return>  for immediate help.
 ...                                              
                                                  
l.433 ...GET /docs             # API documentation
                                                  
You may provide a definition with
\DeclareUnicodeCharacter 


/Users/alex1602e19/Desktop/Alex_Portfolio_sites/EmporiaPDF_Build_Review.tex:433: LaTeX Error: Unicode character â”€ (U+2500)
               not set up for use with LaTeX.

See the LaTeX manual or LaTeX Companion for explanation.
Type  H <return>  for immediate help.
 ...                                              
                                                  
l.433 ...GET /docs             # API documentation
                                                  
You may provide a definition with
\DeclareUnicodeCharacter 


/Users/alex1602e19/Desktop/Alex_Portfolio_sites/EmporiaPDF_Build_Review.tex:433: LaTeX Error: Unicode character â”€ (U+2500)
               not set up for use with LaTeX.

See the LaTeX manual or LaTeX Companion for explanation.
Type  H <return>  for immediate help.
 ...                                              
                                                  
l.433 ...GET /docs             # API documentation
                                                  
You may provide a definition with
\DeclareUnicodeCharacter 


/Users/alex1602e19/Desktop/Alex_Portfolio_sites/EmporiaPDF_Build_Review.tex:434: LaTeX Error: Unicode character â”ś (U+251C)
               not set up for use with LaTeX.

See the LaTeX manual or LaTeX Companion for explanation.
Type  H <return>  for immediate help.
 ...                                              
                                                  
l.434 ....py            # Configuration management
                                                  
You may provide a definition with
\DeclareUnicodeCharacter 


/Users/alex1602e19/Desktop/Alex_Portfolio_sites/EmporiaPDF_Build_Review.tex:434: LaTeX Error: Unicode character â”€ (U+2500)
               not set up for use with LaTeX.

See the LaTeX manual or LaTeX Companion for explanation.
Type  H <return>  for immediate help.
 ...                                              
                                                  
l.434 ....py            # Configuration management
                                                  
You may provide a definition with
\DeclareUnicodeCharacter 


/Users/alex1602e19/Desktop/Alex_Portfolio_sites/EmporiaPDF_Build_Review.tex:434: LaTeX Error: Unicode character â”€ (U+2500)
               not set up for use with LaTeX.

See the LaTeX manual or LaTeX Companion for explanation.
Type  H <return>  for immediate help.
 ...                                              
                                                  
l.434 ....py            # Configuration management
                                                  
You may provide a definition with
\DeclareUnicodeCharacter 


/Users/alex1602e19/Desktop/Alex_Portfolio_sites/EmporiaPDF_Build_Review.tex:435: LaTeX Error: Unicode character â”‚ (U+2502)
               not set up for use with LaTeX.

See the LaTeX manual or LaTeX Companion for explanation.
Type  H <return>  for immediate help.
 ...                                              
                                                  
l.435 ...e credentials     # Environment variables
                                                  
You may provide a definition with
\DeclareUnicodeCharacter 


/Users/alex1602e19/Desktop/Alex_Portfolio_sites/EmporiaPDF_Build_Review.tex:435: LaTeX Error: Unicode character â”ś (U+251C)
               not set up for use with LaTeX.

See the LaTeX manual or LaTeX Companion for explanation.
Type  H <return>  for immediate help.
 ...                                              
                                                  
l.435 ...e credentials     # Environment variables
                                                  
You may provide a definition with
\DeclareUnicodeCharacter 


/Users/alex1602e19/Desktop/Alex_Portfolio_sites/EmporiaPDF_Build_Review.tex:435: LaTeX Error: Unicode character â”€ (U+2500)
               not set up for use with LaTeX.

See the LaTeX manual or LaTeX Companion for explanation.
Type  H <return>  for immediate help.
 ...                                              
                                                  
l.435 ...e credentials     # Environment variables
                                                  
You may provide a definition with
\DeclareUnicodeCharacter 


/Users/alex1602e19/Desktop/Alex_Portfolio_sites/EmporiaPDF_Build_Review.tex:435: LaTeX Error: Unicode character â”€ (U+2500)
               not set up for use with LaTeX.

See the LaTeX manual or LaTeX Companion for explanation.
Type  H <return>  for immediate help.
 ...                                              
                                                  
l.435 ...e credentials     # Environment variables
                                                  
You may provide a definition with
\DeclareUnicodeCharacter 


/Users/alex1602e19/Desktop/Alex_Portfolio_sites/EmporiaPDF_Build_Review.tex:436: LaTeX Error: Unicode character â”‚ (U+2502)
               not set up for use with LaTeX.

See the LaTeX manual or LaTeX Companion for explanation.
Type  H <return>  for immediate help.
 ...                                              
                                                  
l.436 ...rency settings  # Max concurrent requests
                                                  
You may provide a definition with
\DeclareUnicodeCharacter 


/Users/alex1602e19/Desktop/Alex_Portfolio_sites/EmporiaPDF_Build_Review.tex:436: LaTeX Error: Unicode character â”ś (U+251C)
               not set up for use with LaTeX.

See the LaTeX manual or LaTeX Companion for explanation.
Type  H <return>  for immediate help.
 ...                                              
                                                  
l.436 ...rency settings  # Max concurrent requests
                                                  
You may provide a definition with
\DeclareUnicodeCharacter 


/Users/alex1602e19/Desktop/Alex_Portfolio_sites/EmporiaPDF_Build_Review.tex:436: LaTeX Error: Unicode character â”€ (U+2500)
               not set up for use with LaTeX.

See the LaTeX manual or LaTeX Companion for explanation.
Type  H <return>  for immediate help.
 ...                                              
                                                  
l.436 ...rency settings  # Max concurrent requests
                                                  
You may provide a definition with
\DeclareUnicodeCharacter 


/Users/alex1602e19/Desktop/Alex_Portfolio_sites/EmporiaPDF_Build_Review.tex:436: LaTeX Error: Unicode character â”€ (U+2500)
               not set up for use with LaTeX.

See the LaTeX manual or LaTeX Companion for explanation.
Type  H <return>  for immediate help.
 ...                                              
                                                  
l.436 ...rency settings  # Max concurrent requests
                                                  
You may provide a definition with
\DeclareUnicodeCharacter 


/Users/alex1602e19/Desktop/Alex_Portfolio_sites/EmporiaPDF_Build_Review.tex:437: LaTeX Error: Unicode character â”‚ (U+2502)
               not set up for use with LaTeX.

See the LaTeX manual or LaTeX Companion for explanation.
Type  H <return>  for immediate help.
 ...                                              
                                                  
l.437 ... Timeout configuration # Request timeouts
                                                  
You may provide a definition with
\DeclareUnicodeCharacter 


/Users/alex1602e19/Desktop/Alex_Portfolio_sites/EmporiaPDF_Build_Review.tex:437: LaTeX Error: Unicode character â”” (U+2514)
               not set up for use with LaTeX.

See the LaTeX manual or LaTeX Companion for explanation.
Type  H <return>  for immediate help.
 ...                                              
                                                  
l.437 ... Timeout configuration # Request timeouts
                                                  
You may provide a definition with
\DeclareUnicodeCharacter 


/Users/alex1602e19/Desktop/Alex_Portfolio_sites/EmporiaPDF_Build_Review.tex:437: LaTeX Error: Unicode character â”€ (U+2500)
               not set up for use with LaTeX.

See the LaTeX manual or LaTeX Companion for explanation.
Type  H <return>  for immediate help.
 ...                                              
                                                  
l.437 ... Timeout configuration # Request timeouts
                                                  
You may provide a definition with
\DeclareUnicodeCharacter 


/Users/alex1602e19/Desktop/Alex_Portfolio_sites/EmporiaPDF_Build_Review.tex:437: LaTeX Error: Unicode character â”€ (U+2500)
               not set up for use with LaTeX.

See the LaTeX manual or LaTeX Companion for explanation.
Type  H <return>  for immediate help.
 ...                                              
                                                  
l.437 ... Timeout configuration # Request timeouts
                                                  
You may provide a definition with
\DeclareUnicodeCharacter 


/Users/alex1602e19/Desktop/Alex_Portfolio_sites/EmporiaPDF_Build_Review.tex:438: LaTeX Error: Unicode character â”ś (U+251C)
               not set up for use with LaTeX.

See the LaTeX manual or LaTeX Companion for explanation.
Type  H <return>  for immediate help.
 ...                                              
                                                  
l.438 ...     # Azure Document Intelligence client
                                                  
You may provide a definition with
\DeclareUnicodeCharacter 


/Users/alex1602e19/Desktop/Alex_Portfolio_sites/EmporiaPDF_Build_Review.tex:438: LaTeX Error: Unicode character â”€ (U+2500)
               not set up for use with LaTeX.

See the LaTeX manual or LaTeX Companion for explanation.
Type  H <return>  for immediate help.
 ...                                              
                                                  
l.438 ...     # Azure Document Intelligence client
                                                  
You may provide a definition with
\DeclareUnicodeCharacter 


/Users/alex1602e19/Desktop/Alex_Portfolio_sites/EmporiaPDF_Build_Review.tex:438: LaTeX Error: Unicode character â”€ (U+2500)
               not set up for use with LaTeX.

See the LaTeX manual or LaTeX Companion for explanation.
Type  H <return>  for immediate help.
 ...                                              
                                                  
l.438 ...     # Azure Document Intelligence client
                                                  
You may provide a definition with
\DeclareUnicodeCharacter 


/Users/alex1602e19/Desktop/Alex_Portfolio_sites/EmporiaPDF_Build_Review.tex:439: LaTeX Error: Unicode character â”‚ (U+2502)
               not set up for use with LaTeX.

See the LaTeX manual or LaTeX Companion for explanation.
Type  H <return>  for immediate help.
 ...                                              
                                                  
l.439 ...cPDFProcessor     # Main processing class
                                                  
You may provide a definition with
\DeclareUnicodeCharacter 


/Users/alex1602e19/Desktop/Alex_Portfolio_sites/EmporiaPDF_Build_Review.tex:439: LaTeX Error: Unicode character â”ś (U+251C)
               not set up for use with LaTeX.

See the LaTeX manual or LaTeX Companion for explanation.
Type  H <return>  for immediate help.
 ...                                              
                                                  
l.439 ...cPDFProcessor     # Main processing class
                                                  
You may provide a definition with
\DeclareUnicodeCharacter 


/Users/alex1602e19/Desktop/Alex_Portfolio_sites/EmporiaPDF_Build_Review.tex:439: LaTeX Error: Unicode character â”€ (U+2500)
               not set up for use with LaTeX.

See the LaTeX manual or LaTeX Companion for explanation.
Type  H <return>  for immediate help.
 ...                                              
                                                  
l.439 ...cPDFProcessor     # Main processing class
                                                  
You may provide a definition with
\DeclareUnicodeCharacter 


/Users/alex1602e19/Desktop/Alex_Portfolio_sites/EmporiaPDF_Build_Review.tex:439: LaTeX Error: Unicode character â”€ (U+2500)
               not set up for use with LaTeX.

See the LaTeX manual or LaTeX Companion for explanation.
Type  H <return>  for immediate help.
 ...                                              
                                                  
l.439 ...cPDFProcessor     # Main processing class
                                                  
You may provide a definition with
\DeclareUnicodeCharacter 


/Users/alex1602e19/Desktop/Alex_Portfolio_sites/EmporiaPDF_Build_Review.tex:440: LaTeX Error: Unicode character â”‚ (U+2502)
               not set up for use with LaTeX.

See the LaTeX manual or LaTeX Companion for explanation.
Type  H <return>  for immediate help.
 ...                                              
                                                  
l.440 ...g        # Comprehensive error management
                                                  
You may provide a definition with
\DeclareUnicodeCharacter 


/Users/alex1602e19/Desktop/Alex_Portfolio_sites/EmporiaPDF_Build_Review.tex:440: LaTeX Error: Unicode character â”ś (U+251C)
               not set up for use with LaTeX.

See the LaTeX manual or LaTeX Companion for explanation.
Type  H <return>  for immediate help.
 ...                                              
                                                  
l.440 ...g        # Comprehensive error management
                                                  
You may provide a definition with
\DeclareUnicodeCharacter 


/Users/alex1602e19/Desktop/Alex_Portfolio_sites/EmporiaPDF_Build_Review.tex:440: LaTeX Error: Unicode character â”€ (U+2500)
               not set up for use with LaTeX.

See the LaTeX manual or LaTeX Companion for explanation.
Type  H <return>  for immediate help.
 ...                                              
                                                  
l.440 ...g        # Comprehensive error management
                                                  
You may provide a definition with
\DeclareUnicodeCharacter 


/Users/alex1602e19/Desktop/Alex_Portfolio_sites/EmporiaPDF_Build_Review.tex:440: LaTeX Error: Unicode character â”€ (U+2500)
               not set up for use with LaTeX.

See the LaTeX manual or LaTeX Companion for explanation.
Type  H <return>  for immediate help.
 ...                                              
                                                  
l.440 ...g        # Comprehensive error management
                                                  
You may provide a definition with
\DeclareUnicodeCharacter 


/Users/alex1602e19/Desktop/Alex_Portfolio_sites/EmporiaPDF_Build_Review.tex:441: LaTeX Error: Unicode character â”‚ (U+2502)
               not set up for use with LaTeX.

See the LaTeX manual or LaTeX Companion for explanation.
Type  H <return>  for immediate help.
 ...                                              
                                                  
l.441 ...Markdown generation   # Output formatting
                                                  
You may provide a definition with
\DeclareUnicodeCharacter 


/Users/alex1602e19/Desktop/Alex_Portfolio_sites/EmporiaPDF_Build_Review.tex:441: LaTeX Error: Unicode character â”” (U+2514)
               not set up for use with LaTeX.

See the LaTeX manual or LaTeX Companion for explanation.
Type  H <return>  for immediate help.
 ...                                              
                                                  
l.441 ...Markdown generation   # Output formatting
                                                  
You may provide a definition with
\DeclareUnicodeCharacter 


/Users/alex1602e19/Desktop/Alex_Portfolio_sites/EmporiaPDF_Build_Review.tex:441: LaTeX Error: Unicode character â”€ (U+2500)
               not set up for use with LaTeX.

See the LaTeX manual or LaTeX Companion for explanation.
Type  H <return>  for immediate help.
 ...                                              
                                                  
l.441 ...Markdown generation   # Output formatting
                                                  
You may provide a definition with
\DeclareUnicodeCharacter 


/Users/alex1602e19/Desktop/Alex_Portfolio_sites/EmporiaPDF_Build_Review.tex:441: LaTeX Error: Unicode character â”€ (U+2500)
               not set up for use with LaTeX.

See the LaTeX manual or LaTeX Companion for explanation.
Type  H <return>  for immediate help.
 ...                                              
                                                  
l.441 ...Markdown generation   # Output formatting
                                                  
You may provide a definition with
\DeclareUnicodeCharacter 


/Users/alex1602e19/Desktop/Alex_Portfolio_sites/EmporiaPDF_Build_Review.tex:442: LaTeX Error: Unicode character â”” (U+2514)
               not set up for use with LaTeX.

See the LaTeX manual or LaTeX Companion for explanation.
Type  H <return>  for immediate help.
 ...                                              
                                                  
l.442 ... markdown_utils.py    # Utility functions
                                                  
You may provide a definition with
\DeclareUnicodeCharacter 


/Users/alex1602e19/Desktop/Alex_Portfolio_sites/EmporiaPDF_Build_Review.tex:442: LaTeX Error: Unicode character â”€ (U+2500)
               not set up for use with LaTeX.

See the LaTeX manual or LaTeX Companion for explanation.
Type  H <return>  for immediate help.
 ...                                              
                                                  
l.442 ... markdown_utils.py    # Utility functions
                                                  
You may provide a definition with
\DeclareUnicodeCharacter 


/Users/alex1602e19/Desktop/Alex_Portfolio_sites/EmporiaPDF_Build_Review.tex:442: LaTeX Error: Unicode character â”€ (U+2500)
               not set up for use with LaTeX.

See the LaTeX manual or LaTeX Companion for explanation.
Type  H <return>  for immediate help.
 ...                                              
                                                  
l.442 ... markdown_utils.py    # Utility functions
                                                  
You may provide a definition with
\DeclareUnicodeCharacter 


/Users/alex1602e19/Desktop/Alex_Portfolio_sites/EmporiaPDF_Build_Review.tex:443: LaTeX Error: Unicode character â”ś (U+251C)
               not set up for use with LaTeX.

See the LaTeX manual or LaTeX Companion for explanation.
Type  H <return>  for immediate help.
 ...                                              
                                                  
l.443 ...ontent formatting    # Markdown structure
                                                  
You may provide a definition with
\DeclareUnicodeCharacter 


/Users/alex1602e19/Desktop/Alex_Portfolio_sites/EmporiaPDF_Build_Review.tex:443: LaTeX Error: Unicode character â”€ (U+2500)
               not set up for use with LaTeX.

See the LaTeX manual or LaTeX Companion for explanation.
Type  H <return>  for immediate help.
 ...                                              
                                                  
l.443 ...ontent formatting    # Markdown structure
                                                  
You may provide a definition with
\DeclareUnicodeCharacter 


/Users/alex1602e19/Desktop/Alex_Portfolio_sites/EmporiaPDF_Build_Review.tex:443: LaTeX Error: Unicode character â”€ (U+2500)
               not set up for use with LaTeX.

See the LaTeX manual or LaTeX Companion for explanation.
Type  H <return>  for immediate help.
 ...                                              
                                                  
l.443 ...ontent formatting    # Markdown structure
                                                  
You may provide a definition with
\DeclareUnicodeCharacter 


/Users/alex1602e19/Desktop/Alex_Portfolio_sites/EmporiaPDF_Build_Review.tex:444: LaTeX Error: Unicode character â”ś (U+251C)
               not set up for use with LaTeX.

See the LaTeX manual or LaTeX Companion for explanation.
Type  H <return>  for immediate help.
 ...                                              
                                                  
l.444 ...le organization     # Document separation
                                                  
You may provide a definition with
\DeclareUnicodeCharacter 


/Users/alex1602e19/Desktop/Alex_Portfolio_sites/EmporiaPDF_Build_Review.tex:444: LaTeX Error: Unicode character â”€ (U+2500)
               not set up for use with LaTeX.

See the LaTeX manual or LaTeX Companion for explanation.
Type  H <return>  for immediate help.
 ...                                              
                                                  
l.444 ...le organization     # Document separation
                                                  
You may provide a definition with
\DeclareUnicodeCharacter 


/Users/alex1602e19/Desktop/Alex_Portfolio_sites/EmporiaPDF_Build_Review.tex:444: LaTeX Error: Unicode character â”€ (U+2500)
               not set up for use with LaTeX.

See the LaTeX manual or LaTeX Companion for explanation.
Type  H <return>  for immediate help.
 ...                                              
                                                  
l.444 ...le organization     # Document separation
                                                  
You may provide a definition with
\DeclareUnicodeCharacter 


/Users/alex1602e19/Desktop/Alex_Portfolio_sites/EmporiaPDF_Build_Review.tex:445: LaTeX Error: Unicode character â”” (U+2514)
               not set up for use with LaTeX.

See the LaTeX manual or LaTeX Companion for explanation.
Type  H <return>  for immediate help.
 ...                                              
                                                  
l.445 ...ata handling     # Processing information
                                                  
You may provide a definition with
\DeclareUnicodeCharacter 


/Users/alex1602e19/Desktop/Alex_Portfolio_sites/EmporiaPDF_Build_Review.tex:445: LaTeX Error: Unicode character â”€ (U+2500)
               not set up for use with LaTeX.

See the LaTeX manual or LaTeX Companion for explanation.
Type  H <return>  for immediate help.
 ...                                              
                                                  
l.445 ...ata handling     # Processing information
                                                  
You may provide a definition with
\DeclareUnicodeCharacter 


/Users/alex1602e19/Desktop/Alex_Portfolio_sites/EmporiaPDF_Build_Review.tex:445: LaTeX Error: Unicode character â”€ (U+2500)
               not set up for use with LaTeX.

See the LaTeX manual or LaTeX Companion for explanation.
Type  H <return>  for immediate help.
 ...                                              
                                                  
l.445 ...ata handling     # Processing information
                                                  
You may provide a definition with
\DeclareUnicodeCharacter 


Package fancyhdr Warning: \headheight is too small (12.0pt): 
(fancyhdr)                Make it at least 13.59999pt, for example:
(fancyhdr)                \setlength{\headheight}{13.59999pt}.
(fancyhdr)                You might also make \topmargin smaller to compensate:
(fancyhdr)                \addtolength{\topmargin}{-1.59999pt}.

[7]

Package fancyhdr Warning: \headheight is too small (12.0pt): 
(fancyhdr)                Make it at least 13.59999pt, for example:
(fancyhdr)                \setlength{\headheight}{13.59999pt}.
(fancyhdr)                You might also make \topmargin smaller to compensate:
(fancyhdr)                \addtolength{\topmargin}{-1.59999pt}.

[8]

/Users/alex1602e19/Desktop/Alex_Portfolio_sites/EmporiaPDF_Build_Review.tex:506: LaTeX Error: Unicode character âś… (U+2705)
               not set up for use with LaTeX.

See the LaTeX manual or LaTeX Companion for explanation.
Type  H <return>  for immediate help.
 ...                                              
                                                  
l.506 ...ing Time (10-15 PDFs) & < 3 minutes & âś…
                                                   2.5 minutes \\
You may provide a definition with
\DeclareUnicodeCharacter 


/Users/alex1602e19/Desktop/Alex_Portfolio_sites/EmporiaPDF_Build_Review.tex:507: LaTeX Error: Unicode character âś… (U+2705)
               not set up for use with LaTeX.

See the LaTeX manual or LaTeX Companion for explanation.
Type  H <return>  for immediate help.
 ...                                              
                                                  
l.507 Concurrent Processing & 8 PDFs & âś…
                                           8 PDFs \\
You may provide a definition with
\DeclareUnicodeCharacter 


/Users/alex1602e19/Desktop/Alex_Portfolio_sites/EmporiaPDF_Build_Review.tex:508: LaTeX Error: Unicode character âś… (U+2705)
               not set up for use with LaTeX.

See the LaTeX manual or LaTeX Companion for explanation.
Type  H <return>  for immediate help.
 ...                                              
                                                  
l.508 File Size Limit & 20MB per PDF & âś…
                                           20MB \\
You may provide a definition with
\DeclareUnicodeCharacter 


/Users/alex1602e19/Desktop/Alex_Portfolio_sites/EmporiaPDF_Build_Review.tex:509: LaTeX Error: Unicode character âś… (U+2705)
               not set up for use with LaTeX.

See the LaTeX manual or LaTeX Companion for explanation.
Type  H <return>  for immediate help.
 ...                                              
                                                  
l.509 API Response Time & < 5 seconds & âś…
                                            3.2 seconds \\
You may provide a definition with
\DeclareUnicodeCharacter 


/Users/alex1602e19/Desktop/Alex_Portfolio_sites/EmporiaPDF_Build_Review.tex:510: LaTeX Error: Unicode character âś… (U+2705)
               not set up for use with LaTeX.

See the LaTeX manual or LaTeX Companion for explanation.
Type  H <return>  for immediate help.
 ...                                              
                                                  
l.510 Uptime & > 99\% & âś…
                            99.9\% \\
You may provide a definition with
\DeclareUnicodeCharacter 


/Users/alex1602e19/Desktop/Alex_Portfolio_sites/EmporiaPDF_Build_Review.tex:511: LaTeX Error: Unicode character âś… (U+2705)
               not set up for use with LaTeX.

See the LaTeX manual or LaTeX Companion for explanation.
Type  H <return>  for immediate help.
 ...                                              
                                                  
l.511 Error Rate & < 1\% & âś…
                               0.3\% \\
You may provide a definition with
\DeclareUnicodeCharacter 


Package fancyhdr Warning: \headheight is too small (12.0pt): 
(fancyhdr)                Make it at least 13.59999pt, for example:
(fancyhdr)                \setlength{\headheight}{13.59999pt}.
(fancyhdr)                You might also make \topmargin smaller to compensate:
(fancyhdr)                \addtolength{\topmargin}{-1.59999pt}.

[9]

Package fancyhdr Warning: \headheight is too small (12.0pt): 
(fancyhdr)                Make it at least 13.59999pt, for example:
(fancyhdr)                \setlength{\headheight}{13.59999pt}.
(fancyhdr)                You might also make \topmargin smaller to compensate:
(fancyhdr)                \addtolength{\topmargin}{-1.59999pt}.

[10]

Package fancyhdr Warning: \headheight is too small (12.0pt): 
(fancyhdr)                Make it at least 13.59999pt, for example:
(fancyhdr)                \setlength{\headheight}{13.59999pt}.
(fancyhdr)                You might also make \topmargin smaller to compensate:
(fancyhdr)                \addtolength{\topmargin}{-1.59999pt}.

[11]

Package fancyhdr Warning: \headheight is too small (12.0pt): 
(fancyhdr)                Make it at least 13.59999pt, for example:
(fancyhdr)                \setlength{\headheight}{13.59999pt}.
(fancyhdr)                You might also make \topmargin smaller to compensate:
(fancyhdr)                \addtolength{\topmargin}{-1.59999pt}.

[12]

/Users/alex1602e19/Desktop/Alex_Portfolio_sites/EmporiaPDF_Build_Review.tex:659: LaTeX Error: Unicode character âś… (U+2705)
               not set up for use with LaTeX.

See the LaTeX manual or LaTeX Companion for explanation.
Type  H <return>  for immediate help.
 ...                                              
                                                  
l.659     \item âś…
                    \textbf{Complete Functionality}: All task requirements met
You may provide a definition with
\DeclareUnicodeCharacter 


/Users/alex1602e19/Desktop/Alex_Portfolio_sites/EmporiaPDF_Build_Review.tex:660: LaTeX Error: Unicode character âś… (U+2705)
               not set up for use with LaTeX.

See the LaTeX manual or LaTeX Companion for explanation.
Type  H <return>  for immediate help.
 ...                                              
                                                  
l.660     \item âś…
                    \textbf{Production Deployment}: Live system on Render.com
You may provide a definition with
\DeclareUnicodeCharacter 


/Users/alex1602e19/Desktop/Alex_Portfolio_sites/EmporiaPDF_Build_Review.tex:661: LaTeX Error: Unicode character âś… (U+2705)
               not set up for use with LaTeX.

See the LaTeX manual or LaTeX Companion for explanation.
Type  H <return>  for immediate help.
 ...                                              
                                                  
l.661     \item âś…
                    \textbf{Performance Optimization}: Sub-3-minute processing
You may provide a definition with
\DeclareUnicodeCharacter 


/Users/alex1602e19/Desktop/Alex_Portfolio_sites/EmporiaPDF_Build_Review.tex:662: LaTeX Error: Unicode character âś… (U+2705)
               not set up for use with LaTeX.

See the LaTeX manual or LaTeX Companion for explanation.
Type  H <return>  for immediate help.
 ...                                              
                                                  
l.662     \item âś…
                    \textbf{User Experience}: Professional interface and wor...
You may provide a definition with
\DeclareUnicodeCharacter 


/Users/alex1602e19/Desktop/Alex_Portfolio_sites/EmporiaPDF_Build_Review.tex:663: LaTeX Error: Unicode character âś… (U+2705)
               not set up for use with LaTeX.

See the LaTeX manual or LaTeX Companion for explanation.
Type  H <return>  for immediate help.
 ...                                              
                                                  
l.663     \item âś…
                    \textbf{Documentation}: Comprehensive guides and demos
You may provide a definition with
\DeclareUnicodeCharacter 


/Users/alex1602e19/Desktop/Alex_Portfolio_sites/EmporiaPDF_Build_Review.tex:664: LaTeX Error: Unicode character âś… (U+2705)
               not set up for use with LaTeX.

See the LaTeX manual or LaTeX Companion for explanation.
Type  H <return>  for immediate help.
 ...                                              
                                                  
l.664     \item âś…
                    \textbf{Testing}: 100\% test coverage and validation
You may provide a definition with
\DeclareUnicodeCharacter 


Package fancyhdr Warning: \headheight is too small (12.0pt): 
(fancyhdr)                Make it at least 13.59999pt, for example:
(fancyhdr)                \setlength{\headheight}{13.59999pt}.
(fancyhdr)                You might also make \topmargin smaller to compensate:
(fancyhdr)                \addtolength{\topmargin}{-1.59999pt}.

[13]

Package fancyhdr Warning: \headheight is too small (12.0pt): 
(fancyhdr)                Make it at least 13.59999pt, for example:
(fancyhdr)                \setlength{\headheight}{13.59999pt}.
(fancyhdr)                You might also make \topmargin smaller to compensate:
(fancyhdr)                \addtolength{\topmargin}{-1.59999pt}.

[14] (./EmporiaPDF_Build_Review.aux)
 ***********
LaTeX2e <2023-11-01> patch level 1
L3 programming layer <2024-02-20>
 ***********
 ) 
Here is how much of TeX's memory you used:
 30029 strings out of 474116
 772746 string characters out of 5743682
 1949187 words of memory out of 5000000
 51913 multiletter control sequences out of 15000+600000
 567194 words of font info for 70 fonts, out of 8000000 for 9000
 1141 hyphenation exceptions out of 8191
 99i,11n,107p,784b,759s stack positions out of 10000i,1000n,20000p,200000b,200000s
</usr/local/texlive/2024/texmf-dist/fonts/type1/public/amsfonts/cm/cmbx10.pfb></usr/local/texlive/2024/texmf-dist/fonts/type1/public/amsfonts/cm/cmbx12.pfb></usr/local/texlive/2024/texmf-dist/fonts/type1/public/amsfonts/cm/cmr10.pfb></usr/local/texlive/2024/texmf-dist/fonts/type1/public/amsfonts/cm/cmr12.pfb></usr/local/texlive/2024/texmf-dist/fonts/type1/public/amsfonts/cm/cmtt10.pfb></usr/local/texlive/2024/texmf-dist/fonts/type1/public/cm-super/sfrm1095.pfb></usr/local/texlive/2024/texmf-dist/fonts/type1/public/cm-super/sftt1095.pfb>
Output written on EmporiaPDF_Build_Review.pdf (14 pages, 135605 bytes).
PDF statistics:
 89 PDF objects out of 1000 (max. 8388607)
 58 compressed objects within 1 object stream
 0 named destinations out of 1000 (max. 500000)
 13 words of extra memory for PDF output out of 10000 (max. 10000000)

